{"total": {"lines":{"total":187,"covered":155,"skipped":0,"pct":82.88},"statements":{"total":191,"covered":156,"skipped":0,"pct":81.67},"functions":{"total":25,"covered":23,"skipped":0,"pct":92},"branches":{"total":71,"covered":52,"skipped":0,"pct":73.23},"branchesTrue":{"total":0,"covered":0,"skipped":0,"pct":100}}
,"/Users/jessebias/dev/portfolio/portfolio-blog/backend/controllers/auth.js": {"lines":{"total":32,"covered":32,"skipped":0,"pct":100},"functions":{"total":2,"covered":2,"skipped":0,"pct":100},"statements":{"total":32,"covered":32,"skipped":0,"pct":100},"branches":{"total":21,"covered":21,"skipped":0,"pct":100}}
,"/Users/jessebias/dev/portfolio/portfolio-blog/backend/controllers/blogController.js": {"lines":{"total":29,"covered":24,"skipped":0,"pct":82.75},"functions":{"total":5,"covered":5,"skipped":0,"pct":100},"statements":{"total":30,"covered":25,"skipped":0,"pct":83.33},"branches":{"total":2,"covered":2,"skipped":0,"pct":100}}
,"/Users/jessebias/dev/portfolio/portfolio-blog/backend/middleware/auth-middleware.js": {"lines":{"total":14,"covered":13,"skipped":0,"pct":92.85},"functions":{"total":2,"covered":2,"skipped":0,"pct":100},"statements":{"total":14,"covered":13,"skipped":0,"pct":92.85},"branches":{"total":8,"covered":8,"skipped":0,"pct":100}}
,"/Users/jessebias/dev/portfolio/portfolio-blog/backend/models/Blog.js": {"lines":{"total":31,"covered":25,"skipped":0,"pct":80.64},"functions":{"total":5,"covered":5,"skipped":0,"pct":100},"statements":{"total":32,"covered":25,"skipped":0,"pct":78.12},"branches":{"total":14,"covered":8,"skipped":0,"pct":57.14}}
,"/Users/jessebias/dev/portfolio/portfolio-blog/backend/models/User.js": {"lines":{"total":21,"covered":21,"skipped":0,"pct":100},"functions":{"total":6,"covered":6,"skipped":0,"pct":100},"statements":{"total":21,"covered":21,"skipped":0,"pct":100},"branches":{"total":1,"covered":1,"skipped":0,"pct":100}}
,"/Users/jessebias/dev/portfolio/portfolio-blog/backend/routes/authRouter.js": {"lines":{"total":2,"covered":2,"skipped":0,"pct":100},"functions":{"total":0,"covered":0,"skipped":0,"pct":100},"statements":{"total":2,"covered":2,"skipped":0,"pct":100},"branches":{"total":0,"covered":0,"skipped":0,"pct":100}}
,"/Users/jessebias/dev/portfolio/portfolio-blog/backend/routes/blogsRouter.js": {"lines":{"total":6,"covered":6,"skipped":0,"pct":100},"functions":{"total":0,"covered":0,"skipped":0,"pct":100},"statements":{"total":6,"covered":6,"skipped":0,"pct":100},"branches":{"total":0,"covered":0,"skipped":0,"pct":100}}
,"/Users/jessebias/dev/portfolio/portfolio-blog/backend/routes/contactRouter.js": {"lines":{"total":16,"covered":14,"skipped":0,"pct":87.5},"functions":{"total":1,"covered":1,"skipped":0,"pct":100},"statements":{"total":16,"covered":14,"skipped":0,"pct":87.5},"branches":{"total":11,"covered":10,"skipped":0,"pct":90.9}}
,"/Users/jessebias/dev/portfolio/portfolio-blog/backend/routes/metaRouter.js": {"lines":{"total":36,"covered":18,"skipped":0,"pct":50},"functions":{"total":4,"covered":2,"skipped":0,"pct":50},"statements":{"total":38,"covered":18,"skipped":0,"pct":47.36},"branches":{"total":14,"covered":2,"skipped":0,"pct":14.28}}
}
