TN:
SF:controllers/auth.js
FN:8,(anonymous_0)
FN:42,(anonymous_1)
FNF:2
FNH:2
FNDA:6,(anonymous_0)
FNDA:6,(anonymous_1)
DA:8,5
DA:9,6
DA:11,6
DA:12,1
DA:15,5
DA:16,1
DA:19,4
DA:20,1
DA:23,3
DA:24,3
DA:25,2
DA:26,1
DA:29,1
DA:30,1
DA:32,1
DA:37,1
DA:38,1
DA:42,5
DA:43,6
DA:45,6
DA:46,2
DA:49,4
DA:50,4
DA:51,3
DA:52,1
DA:55,2
DA:56,2
DA:57,1
DA:60,1
DA:66,1
DA:72,1
DA:73,1
LF:32
LH:32
BRDA:11,0,0,1
BRDA:11,0,1,5
BRDA:11,1,0,6
BRDA:11,1,1,5
BRDA:11,1,2,5
BRDA:15,2,0,1
BRDA:15,2,1,4
BRDA:19,3,0,1
BRDA:19,3,1,3
BRDA:25,4,0,1
BRDA:25,4,1,1
BRDA:30,5,0,1
BRDA:30,5,1,1
BRDA:45,6,0,2
BRDA:45,6,1,4
BRDA:45,7,0,6
BRDA:45,7,1,5
BRDA:51,8,0,1
BRDA:51,8,1,2
BRDA:56,9,0,1
BRDA:56,9,1,1
BRF:21
BRH:21
end_of_record
TN:
SF:controllers/blogController.js
FN:4,(anonymous_0)
FN:13,(anonymous_1)
FN:23,(anonymous_2)
FN:35,(anonymous_3)
FN:45,(anonymous_4)
FNF:5
FNH:5
FNDA:1,(anonymous_0)
FNDA:2,(anonymous_1)
FNDA:1,(anonymous_2)
FNDA:1,(anonymous_3)
FNDA:1,(anonymous_4)
DA:4,4
DA:5,1
DA:6,1
DA:7,1
DA:9,0
DA:13,4
DA:14,2
DA:15,2
DA:16,2
DA:17,1
DA:19,0
DA:23,4
DA:24,1
DA:25,1
DA:26,1
DA:28,1
DA:29,1
DA:31,0
DA:35,4
DA:36,1
DA:37,1
DA:38,1
DA:39,1
DA:41,0
DA:45,4
DA:46,1
DA:47,1
DA:48,1
DA:50,0
LF:29
LH:24
BRDA:16,0,0,1
BRDA:16,0,1,1
BRF:2
BRH:2
end_of_record
TN:
SF:middleware/auth-middleware.js
FN:7,(anonymous_0)
FN:27,(anonymous_1)
FNF:2
FNH:2
FNDA:9,(anonymous_0)
FNDA:4,(anonymous_1)
DA:7,4
DA:8,9
DA:9,9
DA:11,9
DA:12,4
DA:15,5
DA:16,5
DA:17,5
DA:18,5
DA:20,0
DA:27,4
DA:28,4
DA:29,1
DA:31,3
LF:14
LH:13
BRDA:9,0,0,9
BRDA:9,0,1,5
BRDA:11,1,0,4
BRDA:11,1,1,5
BRDA:28,2,0,1
BRDA:28,2,1,3
BRDA:28,3,0,4
BRDA:28,3,1,4
BRF:8
BRH:8
end_of_record
TN:
SF:models/Blog.js
FN:7,(anonymous_0)
FN:18,(anonymous_1)
FN:32,(anonymous_2)
FN:46,(anonymous_3)
FN:85,(anonymous_4)
FNF:5
FNH:5
FNDA:1,(anonymous_0)
FNDA:1,(anonymous_1)
FNDA:2,(anonymous_2)
FNDA:1,(anonymous_3)
FNDA:1,(anonymous_4)
DA:3,4
DA:8,1
DA:12,1
DA:19,1
DA:25,1
DA:26,1
DA:33,2
DA:39,2
DA:40,2
DA:47,1
DA:48,1
DA:49,1
DA:51,1
DA:52,1
DA:53,1
DA:55,1
DA:56,0
DA:57,0
DA:59,1
DA:60,0
DA:61,0
DA:63,1
DA:64,0
DA:65,0
DA:68,1
DA:70,1
DA:71,1
DA:78,1
DA:79,1
DA:86,1
DA:90,1
LF:31
LH:25
BRDA:10,0,0,1
BRDA:10,0,1,0
BRDA:10,1,0,1
BRDA:10,1,1,1
BRDA:51,2,0,1
BRDA:51,2,1,0
BRDA:55,3,0,0
BRDA:55,3,1,1
BRDA:59,4,0,0
BRDA:59,4,1,1
BRDA:63,5,0,0
BRDA:63,5,1,1
BRDA:68,6,0,0
BRDA:68,6,1,1
BRF:14
BRH:8
end_of_record
TN:
SF:models/User.js
FN:7,(anonymous_0)
FN:21,(anonymous_1)
FN:30,(anonymous_2)
FN:39,(anonymous_3)
FN:48,(anonymous_4)
FN:63,(anonymous_5)
FNF:6
FNH:6
FNDA:2,(anonymous_0)
FNDA:5,(anonymous_1)
FNDA:1,(anonymous_2)
FNDA:1,(anonymous_3)
FNDA:1,(anonymous_4)
FNDA:1,(anonymous_5)
DA:3,5
DA:8,2
DA:13,2
DA:14,2
DA:15,2
DA:22,5
DA:23,5
DA:24,5
DA:31,1
DA:32,1
DA:33,1
DA:40,1
DA:41,1
DA:42,1
DA:49,1
DA:55,1
DA:56,1
DA:57,1
DA:64,1
DA:65,1
DA:66,1
LF:21
LH:21
BRDA:7,0,0,1
BRF:1
BRH:1
end_of_record
TN:
SF:routes/authRouter.js
FNF:0
FNH:0
DA:4,4
DA:8,4
LF:2
LH:2
BRF:0
BRH:0
end_of_record
TN:
SF:routes/blogsRouter.js
FNF:0
FNH:0
DA:11,4
DA:14,4
DA:15,4
DA:18,4
DA:19,4
DA:20,4
LF:6
LH:6
BRF:0
BRH:0
end_of_record
TN:
SF:routes/contactRouter.js
FN:7,(anonymous_0)
FNF:1
FNH:1
FNDA:4,(anonymous_0)
DA:5,4
DA:7,4
DA:8,4
DA:10,4
DA:11,1
DA:14,3
DA:15,1
DA:18,2
DA:19,2
DA:20,2
DA:33,2
DA:34,1
DA:35,1
DA:38,1
DA:40,0
DA:41,0
LF:16
LH:14
BRDA:10,0,0,1
BRDA:10,0,1,3
BRDA:10,1,0,4
BRDA:10,1,1,4
BRDA:10,1,2,4
BRDA:14,2,0,1
BRDA:14,2,1,2
BRDA:33,3,0,1
BRDA:33,3,1,1
BRDA:35,4,0,1
BRDA:35,4,1,0
BRF:11
BRH:10
end_of_record
TN:
SF:routes/metaRouter.js
FN:17,(anonymous_0)
FN:42,(anonymous_1)
FN:55,(anonymous_2)
FN:65,(anonymous_3)
FNF:4
FNH:2
FNDA:2,(anonymous_0)
FNDA:1,(anonymous_1)
FNDA:0,(anonymous_2)
FNDA:0,(anonymous_3)
DA:9,4
DA:10,4
DA:11,4
DA:13,4
DA:15,4
DA:17,4
DA:18,2
DA:19,2
DA:20,1
DA:22,1
DA:23,1
DA:35,1
DA:37,0
DA:38,0
DA:42,4
DA:43,1
DA:44,1
DA:47,1
DA:49,0
DA:50,0
DA:55,4
DA:56,0
DA:57,0
DA:58,0
DA:59,0
DA:60,0
DA:61,0
DA:65,4
DA:66,0
DA:67,0
DA:68,0
DA:70,0
DA:71,0
DA:72,0
DA:73,0
DA:76,0
LF:36
LH:18
BRDA:19,0,0,1
BRDA:19,0,1,1
BRDA:59,1,0,0
BRDA:59,1,1,0
BRDA:60,2,0,0
BRDA:60,2,1,0
BRDA:67,3,0,0
BRDA:67,3,1,0
BRDA:70,4,0,0
BRDA:70,4,1,0
BRDA:76,5,0,0
BRDA:76,5,1,0
BRDA:76,6,0,0
BRDA:76,6,1,0
BRF:14
BRH:2
end_of_record
